awespot/build/app/intermediates/manifest_merge_blame_file/debug/manifest-merger-blame-debug-report.txt
1<?xml version="1.0" encoding="utf-8"?>
2<manifest xmlns:android="http://schemas.android.com/apk/res/android"
3    package="com.example.awespot"
4    android:versionCode="1"
5    android:versionName="1.0.0" >
6
7    <uses-sdk
8        android:minSdkVersion="16"
9        android:targetSdkVersion="28" />
10    <!--
11         Flutter needs it to communicate with the running application
12         to allow setting breakpoints, to provide hot reload, etc.
13    -->
14    <uses-permission android:name="android.permission.INTERNET" />
14-->src/debug/AndroidManifest.xml:6:5-66
14-->src/debug/AndroidManifest.xml:6:22-64
15    <!--
16     io.flutter.app.FlutterApplication is an android.app.Application that
17         calls FlutterMain.startInitialization(this); in its onCreate method.
18         In most cases you can leave this as-is, but you if you want to provide
19         additional functionality it is fine to subclass or reimplement
20         FlutterApplication and put your custom class here.
21    -->
22    <uses-permission android:name="android.permission.WRITE_EXTERNAL_STORAGE" />
22-->src/main/AndroidManifest.xml:8:5-81
22-->src/main/AndroidManifest.xml:8:22-78
23    <uses-permission android:name="android.permission.ACCESS_MEDIA_LOCATION" />
23-->src/main/AndroidManifest.xml:9:5-80
23-->src/main/AndroidManifest.xml:9:22-77
24    <uses-permission android:name="android.permission.ACCESS_FINE_LOCATION" />
24-->[:geolocator] AndroidManifest.xml:7:5-79
24-->[:geolocator] AndroidManifest.xml:7:22-76
25    <uses-permission android:name="android.permission.ACCESS_COARSE_LOCATION" /> <!-- Although the *SdkVersion is captured in gradle build files, this is required for non gradle builds -->
25-->[:location] AndroidManifest.xml:7:5-81
25-->[:location] AndroidManifest.xml:7:22-78
26    <!-- <uses-sdk android:minSdkVersion="14"/> -->
27    <uses-permission android:name="android.permission.ACCESS_NETWORK_STATE" />
27-->[com.google.firebase:firebase-storage:17.0.0] AndroidManifest.xml:26:5-79
27-->[com.google.firebase:firebase-storage:17.0.0] AndroidManifest.xml:26:22-76
28    <uses-permission android:name="android.permission.WAKE_LOCK" /> <!-- Required by older versions of Google Play services to create IID tokens -->
28-->[com.google.android.gms:play-services-measurement-api:17.2.2] AndroidManifest.xml:24:5-68
28-->[com.google.android.gms:play-services-measurement-api:17.2.2] AndroidManifest.xml:24:22-65
29    <uses-permission android:name="com.google.android.c2dm.permission.RECEIVE" />
29-->[com.google.firebase:firebase-iid:20.0.2] AndroidManifest.xml:26:5-82
29-->[com.google.firebase:firebase-iid:20.0.2] AndroidManifest.xml:26:22-79
30    <uses-permission android:name="com.google.android.finsky.permission.BIND_GET_INSTALL_REFERRER_SERVICE" />
30-->[com.google.android.gms:play-services-measurement:17.2.2] AndroidManifest.xml:26:5-110
30-->[com.google.android.gms:play-services-measurement:17.2.2] AndroidManifest.xml:26:22-107
31
32    <application
32-->src/main/AndroidManifest.xml:11:5-49:19
33        android:name="io.flutter.app.FlutterApplication"
33-->src/main/AndroidManifest.xml:12:9-57
34        android:appComponentFactory="androidx.core.app.CoreComponentFactory"
34-->[androidx.core:core:1.2.0] AndroidManifest.xml:24:18-86
35        android:debuggable="true"
36        android:icon="@mipmap/ic_launcher"
36-->src/main/AndroidManifest.xml:14:9-43
37        android:label="awespot" >
37-->src/main/AndroidManifest.xml:13:9-32
38        <activity
38-->src/main/AndroidManifest.xml:15:9-43:20
39            android:name="com.example.awespot.MainActivity"
39-->src/main/AndroidManifest.xml:16:13-41
40            android:configChanges="orientation|keyboardHidden|keyboard|screenSize|smallestScreenSize|locale|layoutDirection|fontScale|screenLayout|density|uiMode"
40-->src/main/AndroidManifest.xml:19:13-163
41            android:hardwareAccelerated="true"
41-->src/main/AndroidManifest.xml:20:13-47
42            android:launchMode="singleTop"
42-->src/main/AndroidManifest.xml:17:13-43
43            android:theme="@style/LaunchTheme"
43-->src/main/AndroidManifest.xml:18:13-47
44            android:windowSoftInputMode="adjustResize" >
44-->src/main/AndroidManifest.xml:21:13-55
45
46            <!--
47                 Specifies an Android theme to apply to this Activity as soon as
48                 the Android process has started. This theme is visible to the user
49                 while the Flutter UI initializes. After that, this theme continues
50                 to determine the Window background behind the Flutter UI.
51            -->
52            <meta-data
52-->src/main/AndroidManifest.xml:26:13-29:17
53                android:name="io.flutter.embedding.android.NormalTheme"
53-->src/main/AndroidManifest.xml:27:15-70
54                android:resource="@style/NormalTheme" />
54-->src/main/AndroidManifest.xml:28:15-52
55            <!--
56                 Displays an Android View that continues showing the launch screen
57                 Drawable until Flutter paints its first frame, then this splash
58                 screen fades out. A splash screen is useful to avoid any visual
59                 gap between the end of Android's launch screen and the painting of
60                 Flutter's first frame.
61            -->
62            <meta-data
62-->src/main/AndroidManifest.xml:35:13-38:17
63                android:name="io.flutter.embedding.android.SplashScreenDrawable"
63-->src/main/AndroidManifest.xml:36:15-79
64                android:resource="@drawable/launch_background" />
64-->src/main/AndroidManifest.xml:37:15-61
65
66            <intent-filter>
66-->src/main/AndroidManifest.xml:39:13-42:29
67                <action android:name="android.intent.action.MAIN" />
67-->src/main/AndroidManifest.xml:40:17-68
67-->src/main/AndroidManifest.xml:40:25-66
68
69                <category android:name="android.intent.category.LAUNCHER" />
69-->src/main/AndroidManifest.xml:41:17-76
69-->src/main/AndroidManifest.xml:41:27-74
70            </intent-filter>
71        </activity>
72        <!--
73             Don't delete the meta-data below.
74             This is used by the Flutter tool to generate GeneratedPluginRegistrant.java
75        -->
76        <meta-data
76-->src/main/AndroidManifest.xml:46:9-48:33
77            android:name="flutterEmbedding"
77-->src/main/AndroidManifest.xml:47:13-44
78            android:value="2" />
78-->src/main/AndroidManifest.xml:48:13-30
79
80        <service
80-->[:firebase_storage] AndroidManifest.xml:8:9-12:19
81            android:name="com.google.firebase.components.ComponentDiscoveryService"
81-->[:firebase_storage] AndroidManifest.xml:8:18-89
82            android:directBootAware="true"
82-->[com.google.firebase:firebase-common:19.3.0] AndroidManifest.xml:34:13-43
83            android:exported="false" >
83-->[com.google.android.gms:play-services-measurement-api:17.2.2] AndroidManifest.xml:29:13-37
84            <meta-data
84-->[:firebase_storage] AndroidManifest.xml:9:13-11:85
85                android:name="com.google.firebase.components:io.flutter.plugins.firebase.storage.FlutterFirebaseAppRegistrar"
85-->[:firebase_storage] AndroidManifest.xml:10:17-126
86                android:value="com.google.firebase.components.ComponentRegistrar" />
86-->[:firebase_storage] AndroidManifest.xml:11:17-82
87            <meta-data
87-->[:firebase_core] AndroidManifest.xml:9:13-11:85
88                android:name="com.google.firebase.components:io.flutter.plugins.firebase.core.FlutterFirebaseAppRegistrar"
88-->[:firebase_core] AndroidManifest.xml:10:17-123
89                android:value="com.google.firebase.components.ComponentRegistrar" />
89-->[:firebase_core] AndroidManifest.xml:11:17-82
90            <meta-data
90-->[com.google.firebase:firebase-storage:17.0.0] AndroidManifest.xml:31:13-33:85
91                android:name="com.google.firebase.components:com.google.firebase.storage.StorageRegistrar"
91-->[com.google.firebase:firebase-storage:17.0.0] AndroidManifest.xml:32:17-107
92                android:value="com.google.firebase.components.ComponentRegistrar" />
92-->[com.google.firebase:firebase-storage:17.0.0] AndroidManifest.xml:33:17-82
93            <meta-data
93-->[com.google.android.gms:play-services-measurement-api:17.2.2] AndroidManifest.xml:30:13-32:85
94                android:name="com.google.firebase.components:com.google.firebase.analytics.connector.internal.AnalyticsConnectorRegistrar"
94-->[com.google.android.gms:play-services-measurement-api:17.2.2] AndroidManifest.xml:31:17-139
95                android:value="com.google.firebase.components.ComponentRegistrar" />
95-->[com.google.android.gms:play-services-measurement-api:17.2.2] AndroidManifest.xml:32:17-82
96            <meta-data
96-->[com.google.firebase:firebase-iid:20.0.2] AndroidManifest.xml:32:13-34:85
97                android:name="com.google.firebase.components:com.google.firebase.iid.Registrar"
97-->[com.google.firebase:firebase-iid:20.0.2] AndroidManifest.xml:33:17-96
98                android:value="com.google.firebase.components.ComponentRegistrar" />
98-->[com.google.firebase:firebase-iid:20.0.2] AndroidManifest.xml:34:17-82
99        </service>
100
101        <provider
101-->[com.sangcomz:FishBun:0.11.2] AndroidManifest.xml:12:9-20:20
102            android:name="com.sangcomz.fishbun.FishBunFileProvider"
102-->[com.sangcomz:FishBun:0.11.2] AndroidManifest.xml:13:13-68
103            android:authorities="com.example.awespot.fishbunfileprovider"
103-->[com.sangcomz:FishBun:0.11.2] AndroidManifest.xml:14:13-71
104            android:exported="false"
104-->[com.sangcomz:FishBun:0.11.2] AndroidManifest.xml:15:13-37
105            android:grantUriPermissions="true" >
105-->[com.sangcomz:FishBun:0.11.2] AndroidManifest.xml:16:13-47
106            <meta-data
106-->[com.sangcomz:FishBun:0.11.2] AndroidManifest.xml:17:13-19:58
107                android:name="android.support.FILE_PROVIDER_PATHS"
107-->[com.sangcomz:FishBun:0.11.2] AndroidManifest.xml:18:17-67
108                android:resource="@xml/provider_paths" />
108-->[com.sangcomz:FishBun:0.11.2] AndroidManifest.xml:19:17-55
109        </provider>
110
111        <activity
111-->[com.sangcomz:FishBun:0.11.2] AndroidManifest.xml:22:9-25:51
112            android:name="com.sangcomz.fishbun.ui.album.AlbumActivity"
112-->[com.sangcomz:FishBun:0.11.2] AndroidManifest.xml:23:13-71
113            android:label="@string/album"
113-->[com.sangcomz:FishBun:0.11.2] AndroidManifest.xml:24:13-42
114            android:theme="@style/FishBunTheme" />
114-->[com.sangcomz:FishBun:0.11.2] AndroidManifest.xml:25:13-48
115        <activity
115-->[com.sangcomz:FishBun:0.11.2] AndroidManifest.xml:26:9-28:51
116            android:name="com.sangcomz.fishbun.ui.picker.PickerActivity"
116-->[com.sangcomz:FishBun:0.11.2] AndroidManifest.xml:27:13-73
117            android:theme="@style/FishBunTheme" />
117-->[com.sangcomz:FishBun:0.11.2] AndroidManifest.xml:28:13-48
118        <activity
118-->[com.sangcomz:FishBun:0.11.2] AndroidManifest.xml:29:9-31:54
119            android:name="com.sangcomz.fishbun.ui.detail.DetailActivity"
119-->[com.sangcomz:FishBun:0.11.2] AndroidManifest.xml:30:13-73
120            android:theme="@style/DetailViewTheme" />
120-->[com.sangcomz:FishBun:0.11.2] AndroidManifest.xml:31:13-51
121
122        <receiver
122-->[com.google.firebase:firebase-iid:20.0.2] AndroidManifest.xml:37:9-44:20
123            android:name="com.google.firebase.iid.FirebaseInstanceIdReceiver"
123-->[com.google.firebase:firebase-iid:20.0.2] AndroidManifest.xml:38:13-78
124            android:exported="true"
124-->[com.google.firebase:firebase-iid:20.0.2] AndroidManifest.xml:39:13-36
125            android:permission="com.google.android.c2dm.permission.SEND" >
125-->[com.google.firebase:firebase-iid:20.0.2] AndroidManifest.xml:40:13-73
126            <intent-filter>
126-->[com.google.firebase:firebase-iid:20.0.2] AndroidManifest.xml:41:13-43:29
127                <action android:name="com.google.android.c2dm.intent.RECEIVE" />
127-->[com.google.firebase:firebase-iid:20.0.2] AndroidManifest.xml:42:17-81
127-->[com.google.firebase:firebase-iid:20.0.2] AndroidManifest.xml:42:25-78
128            </intent-filter>
129        </receiver>
130
131        <activity
131-->[com.google.android.gms:play-services-base:17.2.1] AndroidManifest.xml:23:9-26:75
132            android:name="com.google.android.gms.common.api.GoogleApiActivity"
132-->[com.google.android.gms:play-services-base:17.2.1] AndroidManifest.xml:24:13-79
133            android:exported="false"
133-->[com.google.android.gms:play-services-base:17.2.1] AndroidManifest.xml:25:13-37
134            android:theme="@android:style/Theme.Translucent.NoTitleBar" />
134-->[com.google.android.gms:play-services-base:17.2.1] AndroidManifest.xml:26:13-72
135
136        <receiver
136-->[com.google.android.gms:play-services-measurement:17.2.2] AndroidManifest.xml:29:9-33:20
137            android:name="com.google.android.gms.measurement.AppMeasurementReceiver"
137-->[com.google.android.gms:play-services-measurement:17.2.2] AndroidManifest.xml:30:13-85
138            android:enabled="true"
138-->[com.google.android.gms:play-services-measurement:17.2.2] AndroidManifest.xml:31:13-35
139            android:exported="false" >
139-->[com.google.android.gms:play-services-measurement:17.2.2] AndroidManifest.xml:32:13-37
140        </receiver>
141        <receiver
141-->[com.google.android.gms:play-services-measurement:17.2.2] AndroidManifest.xml:34:9-42:20
142            android:name="com.google.android.gms.measurement.AppMeasurementInstallReferrerReceiver"
142-->[com.google.android.gms:play-services-measurement:17.2.2] AndroidManifest.xml:35:13-100
143            android:enabled="true"
143-->[com.google.android.gms:play-services-measurement:17.2.2] AndroidManifest.xml:36:13-35
144            android:exported="true"
144-->[com.google.android.gms:play-services-measurement:17.2.2] AndroidManifest.xml:37:13-36
145            android:permission="android.permission.INSTALL_PACKAGES" >
145-->[com.google.android.gms:play-services-measurement:17.2.2] AndroidManifest.xml:38:13-69
146            <intent-filter>
146-->[com.google.android.gms:play-services-measurement:17.2.2] AndroidManifest.xml:39:13-41:29
147                <action android:name="com.android.vending.INSTALL_REFERRER" />
147-->[com.google.android.gms:play-services-measurement:17.2.2] AndroidManifest.xml:40:17-79
147-->[com.google.android.gms:play-services-measurement:17.2.2] AndroidManifest.xml:40:25-76
148            </intent-filter>
149        </receiver>
150
151        <service
151-->[com.google.android.gms:play-services-measurement:17.2.2] AndroidManifest.xml:44:9-47:40
152            android:name="com.google.android.gms.measurement.AppMeasurementService"
152-->[com.google.android.gms:play-services-measurement:17.2.2] AndroidManifest.xml:45:13-84
153            android:enabled="true"
153-->[com.google.android.gms:play-services-measurement:17.2.2] AndroidManifest.xml:46:13-35
154            android:exported="false" />
154-->[com.google.android.gms:play-services-measurement:17.2.2] AndroidManifest.xml:47:13-37
155        <service
155-->[com.google.android.gms:play-services-measurement:17.2.2] AndroidManifest.xml:48:9-52:72
156            android:name="com.google.android.gms.measurement.AppMeasurementJobService"
156-->[com.google.android.gms:play-services-measurement:17.2.2] AndroidManifest.xml:49:13-87
157            android:enabled="true"
157-->[com.google.android.gms:play-services-measurement:17.2.2] AndroidManifest.xml:50:13-35
158            android:exported="false"
158-->[com.google.android.gms:play-services-measurement:17.2.2] AndroidManifest.xml:51:13-37
159            android:permission="android.permission.BIND_JOB_SERVICE" />
159-->[com.google.android.gms:play-services-measurement:17.2.2] AndroidManifest.xml:52:13-69
160
161        <provider
161-->[com.google.firebase:firebase-common:19.3.0] AndroidManifest.xml:26:9-30:39
162            android:name="com.google.firebase.provider.FirebaseInitProvider"
162-->[com.google.firebase:firebase-common:19.3.0] AndroidManifest.xml:27:13-77
163            android:authorities="com.example.awespot.firebaseinitprovider"
163-->[com.google.firebase:firebase-common:19.3.0] AndroidManifest.xml:28:13-72
164            android:exported="false"
164-->[com.google.firebase:firebase-common:19.3.0] AndroidManifest.xml:29:13-37
165            android:initOrder="100" />
165-->[com.google.firebase:firebase-common:19.3.0] AndroidManifest.xml:30:13-36
166
167        <meta-data
167-->[com.google.android.gms:play-services-basement:17.2.1] AndroidManifest.xml:23:9-25:69
168            android:name="com.google.android.gms.version"
168-->[com.google.android.gms:play-services-basement:17.2.1] AndroidManifest.xml:24:13-58
169            android:value="@integer/google_play_services_version" />
169-->[com.google.android.gms:play-services-basement:17.2.1] AndroidManifest.xml:25:13-66
170    </application>
171
172</manifest>